64.0910 	DEBUG 	Fullscreen settings ignored as running in pilot mode.
64.0928 	INFO 	Loaded monitor calibration from ['2025_02_24 21:30']
65.2724 	EXP 	Created window1 = Window(allowGUI=False, allowStencil=False, autoLog=True, backendConf=UNKNOWN, backgroundFit=<method-wrapper '__getattribute__' of attributeSetter object at 0x0000021596E01D50>, backgroundImage=<method-wrapper '__getattribute__' of attributeSetter object at 0x0000021596E01CF0>, bitsMode=UNKNOWN, blendMode='avg', bpc=(8, 8, 8), color=array([0, 0, 0]), colorSpace='rgb', depthBits=8, fullscr=False, gamma=None, gammaErrorPolicy='raise', infoMsg=UNKNOWN, lms=UNKNOWN, monitor=<psychopy.monitors.calibTools.Monitor object at 0x0000021596EB7580>, multiSample=False, name='window1', numSamples=2, pos=[560.0, 240.0], screen=0, size=array([800, 600]), stencilBits=0, stereo=False, title='PsychoPy', units='height', useFBO=True, useRetina=False, viewOri=0.0, viewPos=None, viewScale=None, waitBlanking=True, winType='pyglet')
65.2725 	EXP 	window1: backgroundImage = ''
65.2725 	EXP 	window1: backgroundFit = 'none'
65.3005 	DEBUG 	TextBox2 loaded 1 chars with 0 blanks and 1 valid
65.3015 	DEBUG 	TextBox2 loaded 1 chars with 0 blanks and 1 valid
65.3025 	DEBUG 	TextBox2 loaded 1 chars with 0 blanks and 1 valid
65.3041 	DEBUG 	TextBox2 loaded 1 chars with 0 blanks and 1 valid
65.3057 	DEBUG 	TextBox2 loaded 1 chars with 0 blanks and 1 valid
65.3063 	DEBUG 	TextBox2 loaded 1 chars with 0 blanks and 1 valid
65.3074 	DEBUG 	TextBox2 loaded 1 chars with 0 blanks and 1 valid
65.3089 	DEBUG 	TextBox2 loaded 1 chars with 0 blanks and 1 valid
65.3094 	DEBUG 	TextBox2 loaded 1 chars with 0 blanks and 1 valid
65.3098 	DEBUG 	TextBox2 loaded 1 chars with 0 blanks and 1 valid
65.3109 	DEBUG 	TextBox2 loaded 1 chars with 0 blanks and 1 valid
65.3120 	DEBUG 	TextBox2 loaded 1 chars with 0 blanks and 1 valid
65.3130 	DEBUG 	TextBox2 loaded 1 chars with 0 blanks and 1 valid
65.3141 	DEBUG 	TextBox2 loaded 1 chars with 0 blanks and 1 valid
65.3151 	DEBUG 	TextBox2 loaded 1 chars with 0 blanks and 1 valid
65.3163 	DEBUG 	TextBox2 loaded 1 chars with 0 blanks and 1 valid
65.3174 	DEBUG 	TextBox2 loaded 1 chars with 0 blanks and 1 valid
65.3180 	DEBUG 	TextBox2 loaded 1 chars with 0 blanks and 1 valid
65.3187 	DEBUG 	TextBox2 loaded 1 chars with 0 blanks and 1 valid
65.3201 	DEBUG 	TextBox2 loaded 1 chars with 0 blanks and 1 valid
65.3207 	DEBUG 	TextBox2 loaded 1 chars with 0 blanks and 1 valid
65.3229 	DEBUG 	Uploading Texture Font fontname to graphics card
65.3285 	DEBUG 	Upload of Texture Font fontname complete
65.3373 	DEBUG 	TextBox2 loaded 1 chars with 0 blanks and 1 valid
65.3386 	DEBUG 	TextBox2 loaded 1 chars with 0 blanks and 1 valid
65.3397 	DEBUG 	TextBox2 loaded 1 chars with 0 blanks and 1 valid
65.3401 	DEBUG 	Uploading Texture Font fontname to graphics card
65.3420 	DEBUG 	Upload of Texture Font fontname complete
65.3470 	EXP 	window1: Attempting to measure frame rate of screen (0) ...
65.3471 	EXP 	window1: recordFrameIntervals = False
65.5176 	EXP 	window1: recordFrameIntervals = True
65.7010 	EXP 	Screen (0) actual frame rate measured at 60.12Hz
65.7011 	EXP 	window1: recordFrameIntervals = False
65.7079 	DEBUG 	TextBox2 loaded 1 chars with 0 blanks and 1 valid
65.7087 	DEBUG 	TextBox2 loaded 1 chars with 0 blanks and 1 valid
65.7099 	DEBUG 	TextBox2 loaded 1 chars with 0 blanks and 1 valid
65.7115 	DEBUG 	TextBox2 loaded 1 chars with 0 blanks and 1 valid
65.7130 	DEBUG 	TextBox2 loaded 1 chars with 0 blanks and 1 valid
65.7145 	DEBUG 	TextBox2 loaded 1 chars with 0 blanks and 1 valid
65.7154 	DEBUG 	TextBox2 loaded 1 chars with 0 blanks and 1 valid
65.7171 	DEBUG 	TextBox2 loaded 1 chars with 0 blanks and 1 valid
65.7184 	DEBUG 	TextBox2 loaded 1 chars with 0 blanks and 1 valid
65.7194 	DEBUG 	TextBox2 loaded 1 chars with 0 blanks and 1 valid
65.7198 	DEBUG 	Uploading Texture Font fontname to graphics card
65.7205 	DEBUG 	Upload of Texture Font fontname complete
65.7944 	WARNING 	launchHubServer: If using the iohub mouse or eyetracker devices, fullScr should be True.
68.8959 	INFO 	keyboard.Keyboard is using iohub backend.
68.9323 	EXP 	DataCollectionExperiment: status = STARTED
68.9602 	EXP 	Sound auditory_stimulus set volume 1.000
69.2343 	EXP 	Created word_of_interest = TextStim(__class__=<class 'psychopy.visual.text.TextStim'>, alignHoriz=method-wrapper(...), alignText='center', alignVert=method-wrapper(...), anchorHoriz='center', anchorVert='center', antialias=True, autoDraw=False, autoLog=True, bold=False, color=array([1., 1., 1.]), colorSpace='rgb', contrast=1.0, depth=-1.0, draggable=False, flipHoriz=False, flipVert=False, font='Arial', fontFiles=[], height=0.05, italic=False, languageStyle='LTR', name='word_of_interest', opacity=1, ori=0.0, pos=array([0., 0.]), rgb=UNKNOWN, text='poopoo /n\n\ncaca /n', units='height', win=Window(...), wrapWidth=1)
69.2571 	EXP 	Created cool_off_text = TextStim(__class__=<class 'psychopy.visual.text.TextStim'>, alignHoriz=method-wrapper(...), alignText='center', alignVert=method-wrapper(...), anchorHoriz='center', anchorVert='center', antialias=True, autoDraw=False, autoLog=True, bold=False, color=array([1., 1., 1.]), colorSpace='rgb', contrast=1.0, depth=-2.0, draggable=False, flipHoriz=False, flipVert=False, font='Arial', fontFiles=[], height=0.05, italic=False, languageStyle='LTR', name='cool_off_text', opacity=1, ori=0.0, pos=array([0., 0.]), rgb=UNKNOWN, text='Any text\n\nincluding line breaks', units='height', win=Window(...), wrapWidth=1)
0.0967 	EXP 	New trial (rep=0, index=0): <Trial 0 (0 in rep 0) data={'thisN': 0, 'thisTrialN': 0, 'thisRepN': 0}>
0.0976 	EXP 	Sound auditory_stimulus reached end of file
0.1023 	EXP 	Sound auditory_stimulus started
0.5114 	EXP 	word_of_interest: autoDraw = True
0.6142 	EXP 	Sound auditory_stimulus stopped
4.5117 	EXP 	word_of_interest: autoDraw = False
4.5117 	EXP 	cool_off_text: autoDraw = True
4.9992 	EXP 	New trial (rep=1, index=1): <Trial 1 (1 in rep 1) data={'thisN': 1, 'thisTrialN': 1, 'thisRepN': 1}>
5.0000 	EXP 	Sound auditory_stimulus reached end of file
5.0120 	EXP 	Sound auditory_stimulus started
5.0117 	EXP 	cool_off_text: autoDraw = False
5.0117 	EXP 	word_of_interest: autoDraw = False
5.0117 	EXP 	cool_off_text: autoDraw = False
5.5142 	EXP 	Sound auditory_stimulus stopped
5.5277 	EXP 	word_of_interest: autoDraw = True
9.5127 	EXP 	cool_off_text: autoDraw = True
9.5288 	EXP 	word_of_interest: autoDraw = False
9.9995 	EXP 	New trial (rep=2, index=2): <Trial 2 (2 in rep 2) data={'thisN': 2, 'thisTrialN': 2, 'thisRepN': 2}>
10.0003 	EXP 	Sound auditory_stimulus reached end of file
10.0125 	EXP 	Sound auditory_stimulus started
10.0126 	EXP 	cool_off_text: autoDraw = False
10.0126 	EXP 	word_of_interest: autoDraw = False
10.0126 	EXP 	cool_off_text: autoDraw = False
10.5142 	EXP 	Sound auditory_stimulus stopped
10.5283 	EXP 	word_of_interest: autoDraw = True
14.5130 	EXP 	cool_off_text: autoDraw = True
14.5296 	EXP 	word_of_interest: autoDraw = False
15.0005 	EXP 	New trial (rep=3, index=3): <Trial 3 (3 in rep 3) data={'thisN': 3, 'thisTrialN': 3, 'thisRepN': 3}>
15.0013 	EXP 	Sound auditory_stimulus reached end of file
15.0133 	EXP 	Sound auditory_stimulus started
15.0130 	EXP 	word_of_interest: autoDraw = False
15.0130 	EXP 	cool_off_text: autoDraw = False
15.5142 	EXP 	Sound auditory_stimulus stopped
15.5290 	EXP 	word_of_interest: autoDraw = True
15.6306 	DATA 	Keypress: tab
15.9509 	DATA 	Keypress: escape
16.1337 	EXP 	DataCollectionExperiment: status = STOPPED
16.1469 	EXP 	word_of_interest: autoDraw = False
16.1497 	EXP 	DataCollectionExperiment: status = STOPPED
16.1534 	INFO 	saved data to 'C:\\Users\\Abdallah\\Desktop\\EEG DEVICE\\github_neuropawn\\Neural-Speech-Decoding\\data/072039_DataCollectionExperiment_2025-10-25_20h24.48.036.csv'
16.1609 	INFO 	saved data to C:\Users\Abdallah\Desktop\EEG DEVICE\github_neuropawn\Neural-Speech-Decoding\data/072039_DataCollectionExperiment_2025-10-25_20h24.48.036.psydat
16.7751 	DEBUG 	Saving data for DataCollectionExperiment ExperimentHandler
