8.7052 	DEBUG 	Fullscreen settings ignored as running in pilot mode.
8.7069 	INFO 	Loaded monitor calibration from ['2025_02_24 21:30']
8.9611 	EXP 	Created window1 = Window(allowGUI=False, allowStencil=False, autoLog=True, backendConf=UNKNOWN, backgroundFit=<method-wrapper '__getattribute__' of attributeSetter object at 0x00000264E5EA1DB0>, backgroundImage=<method-wrapper '__getattribute__' of attributeSetter object at 0x00000264E5EA1D50>, bitsMode=UNKNOWN, blendMode='avg', bpc=(8, 8, 8), color=array([0, 0, 0]), colorSpace='rgb', depthBits=8, fullscr=False, gamma=None, gammaErrorPolicy='raise', infoMsg=UNKNOWN, lms=UNKNOWN, monitor=<psychopy.monitors.calibTools.Monitor object at 0x00000264E5F575E0>, multiSample=False, name='window1', numSamples=2, pos=[560.0, 240.0], screen=0, size=array([800, 600]), stencilBits=0, stereo=False, title='PsychoPy', units='height', useFBO=True, useRetina=False, viewOri=0.0, viewPos=None, viewScale=None, waitBlanking=True, winType='pyglet')
8.9611 	EXP 	window1: backgroundImage = ''
8.9612 	EXP 	window1: backgroundFit = 'none'
8.9703 	DEBUG 	TextBox2 loaded 1 chars with 0 blanks and 1 valid
8.9714 	DEBUG 	TextBox2 loaded 1 chars with 0 blanks and 1 valid
8.9725 	DEBUG 	TextBox2 loaded 1 chars with 0 blanks and 1 valid
8.9740 	DEBUG 	TextBox2 loaded 1 chars with 0 blanks and 1 valid
8.9753 	DEBUG 	TextBox2 loaded 1 chars with 0 blanks and 1 valid
8.9760 	DEBUG 	TextBox2 loaded 1 chars with 0 blanks and 1 valid
8.9770 	DEBUG 	TextBox2 loaded 1 chars with 0 blanks and 1 valid
8.9785 	DEBUG 	TextBox2 loaded 1 chars with 0 blanks and 1 valid
8.9789 	DEBUG 	TextBox2 loaded 1 chars with 0 blanks and 1 valid
8.9794 	DEBUG 	TextBox2 loaded 1 chars with 0 blanks and 1 valid
8.9805 	DEBUG 	TextBox2 loaded 1 chars with 0 blanks and 1 valid
8.9817 	DEBUG 	TextBox2 loaded 1 chars with 0 blanks and 1 valid
8.9827 	DEBUG 	TextBox2 loaded 1 chars with 0 blanks and 1 valid
8.9837 	DEBUG 	TextBox2 loaded 1 chars with 0 blanks and 1 valid
8.9847 	DEBUG 	TextBox2 loaded 1 chars with 0 blanks and 1 valid
8.9858 	DEBUG 	TextBox2 loaded 1 chars with 0 blanks and 1 valid
8.9869 	DEBUG 	TextBox2 loaded 1 chars with 0 blanks and 1 valid
8.9874 	DEBUG 	TextBox2 loaded 1 chars with 0 blanks and 1 valid
8.9881 	DEBUG 	TextBox2 loaded 1 chars with 0 blanks and 1 valid
8.9896 	DEBUG 	TextBox2 loaded 1 chars with 0 blanks and 1 valid
8.9901 	DEBUG 	TextBox2 loaded 1 chars with 0 blanks and 1 valid
8.9906 	DEBUG 	Uploading Texture Font fontname to graphics card
8.9940 	DEBUG 	Upload of Texture Font fontname complete
9.0019 	DEBUG 	TextBox2 loaded 1 chars with 0 blanks and 1 valid
9.0034 	DEBUG 	TextBox2 loaded 1 chars with 0 blanks and 1 valid
9.0049 	DEBUG 	TextBox2 loaded 1 chars with 0 blanks and 1 valid
9.0053 	DEBUG 	Uploading Texture Font fontname to graphics card
9.0070 	DEBUG 	Upload of Texture Font fontname complete
9.0099 	EXP 	window1: Attempting to measure frame rate of screen (0) ...
9.0099 	EXP 	window1: recordFrameIntervals = False
9.1819 	EXP 	window1: recordFrameIntervals = True
9.3656 	EXP 	Screen (0) actual frame rate measured at 59.90Hz
9.3657 	EXP 	window1: recordFrameIntervals = False
9.3719 	DEBUG 	TextBox2 loaded 1 chars with 0 blanks and 1 valid
9.3725 	DEBUG 	TextBox2 loaded 1 chars with 0 blanks and 1 valid
9.3734 	DEBUG 	TextBox2 loaded 1 chars with 0 blanks and 1 valid
9.3747 	DEBUG 	TextBox2 loaded 1 chars with 0 blanks and 1 valid
9.3764 	DEBUG 	TextBox2 loaded 1 chars with 0 blanks and 1 valid
9.3780 	DEBUG 	TextBox2 loaded 1 chars with 0 blanks and 1 valid
9.3787 	DEBUG 	TextBox2 loaded 1 chars with 0 blanks and 1 valid
9.3808 	DEBUG 	TextBox2 loaded 1 chars with 0 blanks and 1 valid
9.3827 	DEBUG 	TextBox2 loaded 1 chars with 0 blanks and 1 valid
9.3841 	DEBUG 	TextBox2 loaded 1 chars with 0 blanks and 1 valid
9.3845 	DEBUG 	Uploading Texture Font fontname to graphics card
9.3853 	DEBUG 	Upload of Texture Font fontname complete
9.3984 	WARNING 	launchHubServer: If using the iohub mouse or eyetracker devices, fullScr should be True.
11.0962 	INFO 	keyboard.Keyboard is using iohub backend.
11.1373 	EXP 	DataCollectionExperiment: status = STARTED
11.1521 	EXP 	Sound auditory_stimulus set volume 1.000
11.1709 	EXP 	Created word_of_interest = TextStim(__class__=<class 'psychopy.visual.text.TextStim'>, alignHoriz=method-wrapper(...), alignText='center', alignVert=method-wrapper(...), anchorHoriz='center', anchorVert='center', antialias=True, autoDraw=False, autoLog=True, bold=False, color=array([1., 1., 1.]), colorSpace='rgb', contrast=1.0, depth=-1.0, draggable=False, flipHoriz=False, flipVert=False, font='Arial', fontFiles=[], height=0.3, italic=False, languageStyle='LTR', name='word_of_interest', opacity=1, ori=0.0, pos=array([0., 0.]), rgb=UNKNOWN, text='', units='height', win=Window(...), wrapWidth=1)
11.2084 	EXP 	Created cool_off_text = TextStim(__class__=<class 'psychopy.visual.text.TextStim'>, alignHoriz=method-wrapper(...), alignText='center', alignVert=method-wrapper(...), anchorHoriz='center', anchorVert='center', antialias=True, autoDraw=False, autoLog=True, bold=False, color=array([1., 1., 1.]), colorSpace='rgb', contrast=1.0, depth=-2.0, draggable=False, flipHoriz=False, flipVert=False, font='Arial', fontFiles=[], height=0.2, italic=False, languageStyle='LTR', name='cool_off_text', opacity=1, ori=0.0, pos=array([0., 0.]), rgb=UNKNOWN, text='COOL OFF', units='height', win=Window(...), wrapWidth=1)
0.0798 	DEBUG 	Read csv file with pandas: words.csv
0.0808 	DEBUG 	Clearing unnamed columns from words.csv
0.0812 	EXP 	Imported words.csv as conditions, 4 conditions, 2 params
0.0815 	EXP 	New trial (rep=0, index=0): <Trial 0 (0 in rep 0) data={'words': 'food', 'audio': 'a', 'thisN': 0, 'thisTrialN': 0, 'thisRepN': 0}>
0.0907 	EXP 	Sound auditory_stimulus reached end of file
0.1008 	EXP 	Sound auditory_stimulus started
0.1059 	EXP 	word_of_interest: height = 0.3
0.1059 	EXP 	word_of_interest: height = 0.3
0.1059 	EXP 	word_of_interest: height = 0.3
0.1059 	EXP 	word_of_interest: text = 'food'
0.5075 	EXP 	word_of_interest: autoDraw = True
0.6049 	EXP 	Sound auditory_stimulus stopped
4.5075 	EXP 	word_of_interest: autoDraw = False
4.5075 	EXP 	cool_off_text: autoDraw = True
5.9945 	EXP 	New trial (rep=0, index=1): <Trial 1 (1 in rep 0) data={'words': 'water', 'audio': 'a', 'thisN': 1, 'thisTrialN': 1, 'thisRepN': 0}>
6.0057 	EXP 	Sound auditory_stimulus reached end of file
6.0079 	EXP 	Sound auditory_stimulus started
6.0234 	EXP 	cool_off_text: autoDraw = False
6.0234 	EXP 	word_of_interest: autoDraw = False
6.0234 	EXP 	cool_off_text: autoDraw = False
6.0234 	EXP 	word_of_interest: height = 0.3
6.0234 	EXP 	word_of_interest: height = 0.3
6.0234 	EXP 	word_of_interest: height = 0.3
6.0234 	EXP 	word_of_interest: text = 'water'
6.5055 	EXP 	Sound auditory_stimulus stopped
6.5239 	EXP 	word_of_interest: autoDraw = True
10.5086 	EXP 	cool_off_text: autoDraw = True
10.5252 	EXP 	word_of_interest: autoDraw = False
11.9949 	EXP 	New trial (rep=0, index=2): <Trial 2 (2 in rep 0) data={'words': 'no', 'audio': 'a', 'thisN': 2, 'thisTrialN': 2, 'thisRepN': 0}>
12.0009 	EXP 	Sound auditory_stimulus reached end of file
12.0084 	EXP 	Sound auditory_stimulus started
12.0083 	EXP 	cool_off_text: autoDraw = False
12.0083 	EXP 	word_of_interest: autoDraw = False
12.0083 	EXP 	cool_off_text: autoDraw = False
12.0083 	EXP 	word_of_interest: height = 0.3
12.0083 	EXP 	word_of_interest: height = 0.3
12.0083 	EXP 	word_of_interest: height = 0.3
12.0083 	EXP 	word_of_interest: text = 'no'
12.5148 	EXP 	Sound auditory_stimulus stopped
12.5244 	EXP 	word_of_interest: autoDraw = True
16.5093 	EXP 	cool_off_text: autoDraw = True
16.5260 	EXP 	word_of_interest: autoDraw = False
17.9963 	EXP 	New trial (rep=0, index=3): <Trial 3 (3 in rep 0) data={'words': 'yes', 'audio': 'a', 'thisN': 3, 'thisTrialN': 3, 'thisRepN': 0}>
18.0033 	EXP 	Sound auditory_stimulus reached end of file
18.0095 	EXP 	Sound auditory_stimulus started
18.0091 	EXP 	cool_off_text: autoDraw = False
18.0091 	EXP 	word_of_interest: autoDraw = False
18.0091 	EXP 	cool_off_text: autoDraw = False
18.0091 	EXP 	word_of_interest: height = 0.3
18.0091 	EXP 	word_of_interest: height = 0.3
18.0091 	EXP 	word_of_interest: height = 0.3
18.0091 	EXP 	word_of_interest: text = 'yes'
18.5148 	EXP 	Sound auditory_stimulus stopped
18.5257 	EXP 	word_of_interest: autoDraw = True
22.5102 	EXP 	cool_off_text: autoDraw = True
22.5267 	EXP 	word_of_interest: autoDraw = False
24.0100 	EXP 	cool_off_text: autoDraw = False
24.0100 	EXP 	word_of_interest: autoDraw = False
24.0100 	EXP 	cool_off_text: autoDraw = False
24.0134 	EXP 	DataCollectionExperiment: status = STOPPED
24.0179 	INFO 	saved data to 'C:\\Users\\Abdallah\\Desktop\\EEG DEVICE\\github_neuropawn\\Neural-Speech-Decoding\\data/185769_DataCollectionExperiment_2025-10-25_21h44.02.057.csv'
24.0196 	INFO 	saved data to C:\Users\Abdallah\Desktop\EEG DEVICE\github_neuropawn\Neural-Speech-Decoding\data/185769_DataCollectionExperiment_2025-10-25_21h44.02.057.psydat
24.4435 	DEBUG 	Saving data for DataCollectionExperiment ExperimentHandler
