5.2569 	DEBUG 	Fullscreen settings ignored as running in pilot mode.
5.2582 	INFO 	Loaded monitor calibration from ['2025_02_24 21:30']
5.4831 	EXP 	Created window1 = Window(allowGUI=False, allowStencil=False, autoLog=True, backendConf=UNKNOWN, backgroundFit=<method-wrapper '__getattribute__' of attributeSetter object at 0x000001E95429DEA0>, backgroundImage=<method-wrapper '__getattribute__' of attributeSetter object at 0x000001E95429DE40>, bitsMode=UNKNOWN, blendMode='avg', bpc=(8, 8, 8), color=array([0, 0, 0]), colorSpace='rgb', depthBits=8, fullscr=False, gamma=None, gammaErrorPolicy='raise', infoMsg=UNKNOWN, lms=UNKNOWN, monitor=<psychopy.monitors.calibTools.Monitor object at 0x000001E9538376D0>, multiSample=False, name='window1', numSamples=2, pos=[560.0, 240.0], screen=0, size=array([800, 600]), stencilBits=0, stereo=False, title='PsychoPy', units='height', useFBO=True, useRetina=False, viewOri=0.0, viewPos=None, viewScale=None, waitBlanking=True, winType='pyglet')
5.4832 	EXP 	window1: backgroundImage = ''
5.4832 	EXP 	window1: backgroundFit = 'none'
5.4917 	DEBUG 	TextBox2 loaded 1 chars with 0 blanks and 1 valid
5.4931 	DEBUG 	TextBox2 loaded 1 chars with 0 blanks and 1 valid
5.4944 	DEBUG 	TextBox2 loaded 1 chars with 0 blanks and 1 valid
5.4960 	DEBUG 	TextBox2 loaded 1 chars with 0 blanks and 1 valid
5.4976 	DEBUG 	TextBox2 loaded 1 chars with 0 blanks and 1 valid
5.4983 	DEBUG 	TextBox2 loaded 1 chars with 0 blanks and 1 valid
5.4996 	DEBUG 	TextBox2 loaded 1 chars with 0 blanks and 1 valid
5.5011 	DEBUG 	TextBox2 loaded 1 chars with 0 blanks and 1 valid
5.5015 	DEBUG 	TextBox2 loaded 1 chars with 0 blanks and 1 valid
5.5021 	DEBUG 	TextBox2 loaded 1 chars with 0 blanks and 1 valid
5.5035 	DEBUG 	TextBox2 loaded 1 chars with 0 blanks and 1 valid
5.5047 	DEBUG 	TextBox2 loaded 1 chars with 0 blanks and 1 valid
5.5057 	DEBUG 	TextBox2 loaded 1 chars with 0 blanks and 1 valid
5.5066 	DEBUG 	TextBox2 loaded 1 chars with 0 blanks and 1 valid
5.5074 	DEBUG 	TextBox2 loaded 1 chars with 0 blanks and 1 valid
5.5083 	DEBUG 	TextBox2 loaded 1 chars with 0 blanks and 1 valid
5.5092 	DEBUG 	TextBox2 loaded 1 chars with 0 blanks and 1 valid
5.5097 	DEBUG 	TextBox2 loaded 1 chars with 0 blanks and 1 valid
5.5103 	DEBUG 	TextBox2 loaded 1 chars with 0 blanks and 1 valid
5.5121 	DEBUG 	TextBox2 loaded 1 chars with 0 blanks and 1 valid
5.5128 	DEBUG 	TextBox2 loaded 1 chars with 0 blanks and 1 valid
5.5133 	DEBUG 	Uploading Texture Font fontname to graphics card
5.5185 	DEBUG 	Upload of Texture Font fontname complete
5.5261 	DEBUG 	TextBox2 loaded 1 chars with 0 blanks and 1 valid
5.5273 	DEBUG 	TextBox2 loaded 1 chars with 0 blanks and 1 valid
5.5283 	DEBUG 	TextBox2 loaded 1 chars with 0 blanks and 1 valid
5.5287 	DEBUG 	Uploading Texture Font fontname to graphics card
5.5307 	DEBUG 	Upload of Texture Font fontname complete
5.5351 	EXP 	window1: Attempting to measure frame rate of screen (0) ...
5.5351 	EXP 	window1: recordFrameIntervals = False
5.6997 	EXP 	window1: recordFrameIntervals = True
5.8831 	EXP 	Screen (0) actual frame rate measured at 59.95Hz
5.8831 	EXP 	window1: recordFrameIntervals = False
5.8912 	DEBUG 	TextBox2 loaded 1 chars with 0 blanks and 1 valid
5.8920 	DEBUG 	TextBox2 loaded 1 chars with 0 blanks and 1 valid
5.8933 	DEBUG 	TextBox2 loaded 1 chars with 0 blanks and 1 valid
5.8949 	DEBUG 	TextBox2 loaded 1 chars with 0 blanks and 1 valid
5.8964 	DEBUG 	TextBox2 loaded 1 chars with 0 blanks and 1 valid
5.8979 	DEBUG 	TextBox2 loaded 1 chars with 0 blanks and 1 valid
5.8988 	DEBUG 	TextBox2 loaded 1 chars with 0 blanks and 1 valid
5.9003 	DEBUG 	TextBox2 loaded 1 chars with 0 blanks and 1 valid
5.9020 	DEBUG 	TextBox2 loaded 1 chars with 0 blanks and 1 valid
5.9034 	DEBUG 	TextBox2 loaded 1 chars with 0 blanks and 1 valid
5.9038 	DEBUG 	Uploading Texture Font fontname to graphics card
5.9045 	DEBUG 	Upload of Texture Font fontname complete
5.9178 	WARNING 	launchHubServer: If using the iohub mouse or eyetracker devices, fullScr should be True.
7.8195 	INFO 	keyboard.Keyboard is using iohub backend.
7.8603 	EXP 	DataCollectionExperiment: status = STARTED
7.8758 	EXP 	Sound auditory_stimulus set volume 1.000
7.9022 	EXP 	Created word_of_interest = TextStim(__class__=<class 'psychopy.visual.text.TextStim'>, alignHoriz=method-wrapper(...), alignText='center', alignVert=method-wrapper(...), anchorHoriz='center', anchorVert='center', antialias=True, autoDraw=False, autoLog=True, bold=False, color=array([1., 1., 1.]), colorSpace='rgb', contrast=1.0, depth=-1.0, draggable=False, flipHoriz=False, flipVert=False, font='Arial', fontFiles=[], height=0.05, italic=False, languageStyle='LTR', name='word_of_interest', opacity=1, ori=0.0, pos=array([0., 0.]), rgb=UNKNOWN, text='', units='height', win=Window(...), wrapWidth=1)
7.9292 	EXP 	Created cool_off_text = TextStim(__class__=<class 'psychopy.visual.text.TextStim'>, alignHoriz=method-wrapper(...), alignText='center', alignVert=method-wrapper(...), anchorHoriz='center', anchorVert='center', antialias=True, autoDraw=False, autoLog=True, bold=False, color=array([1., 1., 1.]), colorSpace='rgb', contrast=1.0, depth=-2.0, draggable=False, flipHoriz=False, flipVert=False, font='Arial', fontFiles=[], height=0.05, italic=False, languageStyle='LTR', name='cool_off_text', opacity=1, ori=0.0, pos=array([0., 0.]), rgb=UNKNOWN, text='', units='height', win=Window(...), wrapWidth=1)
0.0839 	DEBUG 	Read csv file with pandas: words.csv
0.0850 	DEBUG 	Clearing unnamed columns from words.csv
0.0855 	EXP 	Imported words.csv as conditions, 4 conditions, 2 params
0.0859 	EXP 	New trial (rep=0, index=0): <Trial 0 (0 in rep 0) data={'words': 'no', 'audio': 'a', 'thisN': 0, 'thisTrialN': 0, 'thisRepN': 0}>
0.0944 	EXP 	Sound auditory_stimulus reached end of file
0.1053 	EXP 	Sound auditory_stimulus started
0.1053 	EXP 	word_of_interest: height = 0.05
0.1053 	EXP 	word_of_interest: height = 0.05
0.1053 	EXP 	word_of_interest: height = 0.05
0.1053 	EXP 	word_of_interest: text = 'no'
0.5055 	EXP 	word_of_interest: autoDraw = True
0.6077 	EXP 	Sound auditory_stimulus stopped
4.5047 	EXP 	word_of_interest: autoDraw = False
4.5047 	EXP 	cool_off_text: autoDraw = True
4.9916 	EXP 	New trial (rep=0, index=1): <Trial 1 (1 in rep 0) data={'words': 'food', 'audio': 'a', 'thisN': 1, 'thisTrialN': 1, 'thisRepN': 0}>
4.9958 	EXP 	Sound auditory_stimulus reached end of file
5.0049 	EXP 	Sound auditory_stimulus started
5.0047 	EXP 	cool_off_text: autoDraw = False
5.0047 	EXP 	word_of_interest: autoDraw = False
5.0047 	EXP 	cool_off_text: autoDraw = False
5.0047 	EXP 	word_of_interest: height = 0.05
5.0047 	EXP 	word_of_interest: height = 0.05
5.0047 	EXP 	word_of_interest: height = 0.05
5.0047 	EXP 	word_of_interest: text = 'food'
5.5077 	EXP 	Sound auditory_stimulus stopped
5.5206 	EXP 	word_of_interest: autoDraw = True
9.5055 	EXP 	cool_off_text: autoDraw = True
9.5219 	EXP 	word_of_interest: autoDraw = False
9.9918 	EXP 	New trial (rep=0, index=2): <Trial 2 (2 in rep 0) data={'words': 'yes', 'audio': 'a', 'thisN': 2, 'thisTrialN': 2, 'thisRepN': 0}>
9.9970 	EXP 	Sound auditory_stimulus reached end of file
10.0053 	EXP 	Sound auditory_stimulus started
10.0054 	EXP 	cool_off_text: autoDraw = False
10.0054 	EXP 	word_of_interest: autoDraw = False
10.0054 	EXP 	cool_off_text: autoDraw = False
10.0054 	EXP 	word_of_interest: height = 0.05
10.0054 	EXP 	word_of_interest: height = 0.05
10.0054 	EXP 	word_of_interest: height = 0.05
10.0054 	EXP 	word_of_interest: text = 'yes'
10.5077 	EXP 	Sound auditory_stimulus stopped
10.5213 	EXP 	word_of_interest: autoDraw = True
14.5061 	EXP 	cool_off_text: autoDraw = True
14.5224 	EXP 	word_of_interest: autoDraw = False
14.9930 	EXP 	New trial (rep=0, index=3): <Trial 3 (3 in rep 0) data={'words': 'water', 'audio': 'a', 'thisN': 3, 'thisTrialN': 3, 'thisRepN': 0}>
14.9993 	EXP 	Sound auditory_stimulus reached end of file
15.0061 	EXP 	Sound auditory_stimulus started
15.0059 	EXP 	cool_off_text: autoDraw = False
15.0059 	EXP 	word_of_interest: autoDraw = False
15.0059 	EXP 	cool_off_text: autoDraw = False
15.0059 	EXP 	word_of_interest: height = 0.05
15.0059 	EXP 	word_of_interest: height = 0.05
15.0059 	EXP 	word_of_interest: height = 0.05
15.0059 	EXP 	word_of_interest: text = 'water'
15.5077 	EXP 	Sound auditory_stimulus stopped
15.5220 	EXP 	word_of_interest: autoDraw = True
19.5068 	EXP 	cool_off_text: autoDraw = True
19.5235 	EXP 	word_of_interest: autoDraw = False
20.0067 	EXP 	cool_off_text: autoDraw = False
20.0067 	EXP 	word_of_interest: autoDraw = False
20.0067 	EXP 	cool_off_text: autoDraw = False
20.0106 	EXP 	DataCollectionExperiment: status = STOPPED
20.0163 	INFO 	saved data to 'C:\\Users\\Abdallah\\Desktop\\EEG DEVICE\\github_neuropawn\\Neural-Speech-Decoding\\data/890280_DataCollectionExperiment_2025-10-25_21h42.40.919.csv'
20.0186 	INFO 	saved data to C:\Users\Abdallah\Desktop\EEG DEVICE\github_neuropawn\Neural-Speech-Decoding\data/890280_DataCollectionExperiment_2025-10-25_21h42.40.919.psydat
20.4099 	DEBUG 	Saving data for DataCollectionExperiment ExperimentHandler
